The system is: Linux - 5.10.16.3-microsoft-standard-WSL2 - x86_64
Compiling the C compiler identification source file "CMakeCCompilerId.c" succeeded.
Compiler: /usr/bin/cc 
Build flags: 
Id flags:  

The output was:
0


Compilation of the C compiler identification source "CMakeCCompilerId.c" produced "a.out"

The C compiler identification is GNU, found in "/work/hw-aogara/hw3/hw3_heap_checker/CMakeFiles/3.16.3/CompilerIdC/a.out"

Compiling the CXX compiler identification source file "CMakeCXXCompilerId.cpp" succeeded.
Compiler: /usr/bin/c++ 
Build flags: 
Id flags:  

The output was:
0


Compilation of the CXX compiler identification source "CMakeCXXCompilerId.cpp" produced "a.out"

The CXX compiler identification is GNU, found in "/work/hw-aogara/hw3/hw3_heap_checker/CMakeFiles/3.16.3/CompilerIdCXX/a.out"

Determining if the C compiler works passed with the following output:
Change Dir: /work/hw-aogara/hw3/hw3_heap_checker/CMakeFiles/CMakeTmp

Run Build Command(s):/usr/bin/make cmTC_5acdc/fast && /usr/bin/make -f CMakeFiles/cmTC_5acdc.dir/build.make CMakeFiles/cmTC_5acdc.dir/build
make[1]: Entering directory '/work/hw-aogara/hw3/hw3_heap_checker/CMakeFiles/CMakeTmp'
Building C object CMakeFiles/cmTC_5acdc.dir/testCCompiler.c.o
/usr/bin/cc    -o CMakeFiles/cmTC_5acdc.dir/testCCompiler.c.o   -c /work/hw-aogara/hw3/hw3_heap_checker/CMakeFiles/CMakeTmp/testCCompiler.c
Linking C executable cmTC_5acdc
/usr/bin/cmake -E cmake_link_script CMakeFiles/cmTC_5acdc.dir/link.txt --verbose=1
/usr/bin/cc      CMakeFiles/cmTC_5acdc.dir/testCCompiler.c.o  -o cmTC_5acdc 
make[1]: Leaving directory '/work/hw-aogara/hw3/hw3_heap_checker/CMakeFiles/CMakeTmp'



Detecting C compiler ABI info compiled with the following output:
Change Dir: /work/hw-aogara/hw3/hw3_heap_checker/CMakeFiles/CMakeTmp

Run Build Command(s):/usr/bin/make cmTC_fad17/fast && /usr/bin/make -f CMakeFiles/cmTC_fad17.dir/build.make CMakeFiles/cmTC_fad17.dir/build
make[1]: Entering directory '/work/hw-aogara/hw3/hw3_heap_checker/CMakeFiles/CMakeTmp'
Building C object CMakeFiles/cmTC_fad17.dir/CMakeCCompilerABI.c.o
/usr/bin/cc   -v -o CMakeFiles/cmTC_fad17.dir/CMakeCCompilerABI.c.o   -c /usr/share/cmake-3.16/Modules/CMakeCCompilerABI.c
Using built-in specs.
COLLECT_GCC=/usr/bin/cc
OFFLOAD_TARGET_NAMES=nvptx-none:hsa
OFFLOAD_TARGET_DEFAULT=1
Target: x86_64-linux-gnu
Configured with: ../src/configure -v --with-pkgversion='Ubuntu 9.3.0-17ubuntu1~20.04' --with-bugurl=file:///usr/share/doc/gcc-9/README.Bugs --enable-languages=c,ada,c++,go,brig,d,fortran,objc,obj-c++,gm2 --prefix=/usr --with-gcc-major-version-only --program-suffix=-9 --program-prefix=x86_64-linux-gnu- --enable-shared --enable-linker-build-id --libexecdir=/usr/lib --without-included-gettext --enable-threads=posix --libdir=/usr/lib --enable-nls --enable-clocale=gnu --enable-libstdcxx-debug --enable-libstdcxx-time=yes --with-default-libstdcxx-abi=new --enable-gnu-unique-object --disable-vtable-verify --enable-plugin --enable-default-pie --with-system-zlib --with-target-system-zlib=auto --enable-objc-gc=auto --enable-multiarch --disable-werror --with-arch-32=i686 --with-abi=m64 --with-multilib-list=m32,m64,mx32 --enable-multilib --with-tune=generic --enable-offload-targets=nvptx-none=/build/gcc-9-HskZEa/gcc-9-9.3.0/debian/tmp-nvptx/usr,hsa --without-cuda-driver --enable-checking=release --build=x86_64-linux-gnu --host=x86_64-linux-gnu --target=x86_64-linux-gnu
Thread model: posix
gcc version 9.3.0 (Ubuntu 9.3.0-17ubuntu1~20.04) 
COLLECT_GCC_OPTIONS='-v' '-o' 'CMakeFiles/cmTC_fad17.dir/CMakeCCompilerABI.c.o' '-c' '-mtune=generic' '-march=x86-64'
 /usr/lib/gcc/x86_64-linux-gnu/9/cc1 -quiet -v -imultiarch x86_64-linux-gnu /usr/share/cmake-3.16/Modules/CMakeCCompilerABI.c -quiet -dumpbase CMakeCCompilerABI.c -mtune=generic -march=x86-64 -auxbase-strip CMakeFiles/cmTC_fad17.dir/CMakeCCompilerABI.c.o -version -fasynchronous-unwind-tables -fstack-protector-strong -Wformat -Wformat-security -fstack-clash-protection -fcf-protection -o /tmp/cc71XbUr.s
GNU C17 (Ubuntu 9.3.0-17ubuntu1~20.04) version 9.3.0 (x86_64-linux-gnu)
	compiled by GNU C version 9.3.0, GMP version 6.2.0, MPFR version 4.0.2, MPC version 1.1.0, isl version isl-0.22.1-GMP

GGC heuristics: --param ggc-min-expand=100 --param ggc-min-heapsize=131072
ignoring nonexistent directory "/usr/local/include/x86_64-linux-gnu"
ignoring nonexistent directory "/usr/lib/gcc/x86_64-linux-gnu/9/include-fixed"
ignoring nonexistent directory "/usr/lib/gcc/x86_64-linux-gnu/9/../../../../x86_64-linux-gnu/include"
#include "..." search starts here:
#include <...> search starts here:
 /usr/lib/gcc/x86_64-linux-gnu/9/include
 /usr/local/include
 /usr/include/x86_64-linux-gnu
 /usr/include
End of search list.
GNU C17 (Ubuntu 9.3.0-17ubuntu1~20.04) version 9.3.0 (x86_64-linux-gnu)
	compiled by GNU C version 9.3.0, GMP version 6.2.0, MPFR version 4.0.2, MPC version 1.1.0, isl version isl-0.22.1-GMP

GGC heuristics: --param ggc-min-expand=100 --param ggc-min-heapsize=131072
Compiler executable checksum: bbf13931d8de1abe14040c9909cb6969
COLLECT_GCC_OPTIONS='-v' '-o' 'CMakeFiles/cmTC_fad17.dir/CMakeCCompilerABI.c.o' '-c' '-mtune=generic' '-march=x86-64'
 as -v --64 -o CMakeFiles/cmTC_fad17.dir/CMakeCCompilerABI.c.o /tmp/cc71XbUr.s
GNU assembler version 2.34 (x86_64-linux-gnu) using BFD version (GNU Binutils for Ubuntu) 2.34
COMPILER_PATH=/usr/lib/gcc/x86_64-linux-gnu/9/:/usr/lib/gcc/x86_64-linux-gnu/9/:/usr/lib/gcc/x86_64-linux-gnu/:/usr/lib/gcc/x86_64-linux-gnu/9/:/usr/lib/gcc/x86_64-linux-gnu/
LIBRARY_PATH=/usr/lib/gcc/x86_64-linux-gnu/9/:/usr/lib/gcc/x86_64-linux-gnu/9/../../../x86_64-linux-gnu/:/usr/lib/gcc/x86_64-linux-gnu/9/../../../../lib/:/lib/x86_64-linux-gnu/:/lib/../lib/:/usr/lib/x86_64-linux-gnu/:/usr/lib/../lib/:/usr/lib/gcc/x86_64-linux-gnu/9/../../../:/lib/:/usr/lib/
COLLECT_GCC_OPTIONS='-v' '-o' 'CMakeFiles/cmTC_fad17.dir/CMakeCCompilerABI.c.o' '-c' '-mtune=generic' '-march=x86-64'
Linking C executable cmTC_fad17
/usr/bin/cmake -E cmake_link_script CMakeFiles/cmTC_fad17.dir/link.txt --verbose=1
/usr/bin/cc     -v CMakeFiles/cmTC_fad17.dir/CMakeCCompilerABI.c.o  -o cmTC_fad17 
Using built-in specs.
COLLECT_GCC=/usr/bin/cc
COLLECT_LTO_WRAPPER=/usr/lib/gcc/x86_64-linux-gnu/9/lto-wrapper
OFFLOAD_TARGET_NAMES=nvptx-none:hsa
OFFLOAD_TARGET_DEFAULT=1
Target: x86_64-linux-gnu
Configured with: ../src/configure -v --with-pkgversion='Ubuntu 9.3.0-17ubuntu1~20.04' --with-bugurl=file:///usr/share/doc/gcc-9/README.Bugs --enable-languages=c,ada,c++,go,brig,d,fortran,objc,obj-c++,gm2 --prefix=/usr --with-gcc-major-version-only --program-suffix=-9 --program-prefix=x86_64-linux-gnu- --enable-shared --enable-linker-build-id --libexecdir=/usr/lib --without-included-gettext --enable-threads=posix --libdir=/usr/lib --enable-nls --enable-clocale=gnu --enable-libstdcxx-debug --enable-libstdcxx-time=yes --with-default-libstdcxx-abi=new --enable-gnu-unique-object --disable-vtable-verify --enable-plugin --enable-default-pie --with-system-zlib --with-target-system-zlib=auto --enable-objc-gc=auto --enable-multiarch --disable-werror --with-arch-32=i686 --with-abi=m64 --with-multilib-list=m32,m64,mx32 --enable-multilib --with-tune=generic --enable-offload-targets=nvptx-none=/build/gcc-9-HskZEa/gcc-9-9.3.0/debian/tmp-nvptx/usr,hsa --without-cuda-driver --enable-checking=release --build=x86_64-linux-gnu --host=x86_64-linux-gnu --target=x86_64-linux-gnu
Thread model: posix
gcc version 9.3.0 (Ubuntu 9.3.0-17ubuntu1~20.04) 
COMPILER_PATH=/usr/lib/gcc/x86_64-linux-gnu/9/:/usr/lib/gcc/x86_64-linux-gnu/9/:/usr/lib/gcc/x86_64-linux-gnu/:/usr/lib/gcc/x86_64-linux-gnu/9/:/usr/lib/gcc/x86_64-linux-gnu/
LIBRARY_PATH=/usr/lib/gcc/x86_64-linux-gnu/9/:/usr/lib/gcc/x86_64-linux-gnu/9/../../../x86_64-linux-gnu/:/usr/lib/gcc/x86_64-linux-gnu/9/../../../../lib/:/lib/x86_64-linux-gnu/:/lib/../lib/:/usr/lib/x86_64-linux-gnu/:/usr/lib/../lib/:/usr/lib/gcc/x86_64-linux-gnu/9/../../../:/lib/:/usr/lib/
COLLECT_GCC_OPTIONS='-v' '-o' 'cmTC_fad17' '-mtune=generic' '-march=x86-64'
 /usr/lib/gcc/x86_64-linux-gnu/9/collect2 -plugin /usr/lib/gcc/x86_64-linux-gnu/9/liblto_plugin.so -plugin-opt=/usr/lib/gcc/x86_64-linux-gnu/9/lto-wrapper -plugin-opt=-fresolution=/tmp/ccm56DLW.res -plugin-opt=-pass-through=-lgcc -plugin-opt=-pass-through=-lgcc_s -plugin-opt=-pass-through=-lc -plugin-opt=-pass-through=-lgcc -plugin-opt=-pass-through=-lgcc_s --build-id --eh-frame-hdr -m elf_x86_64 --hash-style=gnu --as-needed -dynamic-linker /lib64/ld-linux-x86-64.so.2 -pie -z now -z relro -o cmTC_fad17 /usr/lib/gcc/x86_64-linux-gnu/9/../../../x86_64-linux-gnu/Scrt1.o /usr/lib/gcc/x86_64-linux-gnu/9/../../../x86_64-linux-gnu/crti.o /usr/lib/gcc/x86_64-linux-gnu/9/crtbeginS.o -L/usr/lib/gcc/x86_64-linux-gnu/9 -L/usr/lib/gcc/x86_64-linux-gnu/9/../../../x86_64-linux-gnu -L/usr/lib/gcc/x86_64-linux-gnu/9/../../../../lib -L/lib/x86_64-linux-gnu -L/lib/../lib -L/usr/lib/x86_64-linux-gnu -L/usr/lib/../lib -L/usr/lib/gcc/x86_64-linux-gnu/9/../../.. CMakeFiles/cmTC_fad17.dir/CMakeCCompilerABI.c.o -lgcc --push-state --as-needed -lgcc_s --pop-state -lc -lgcc --push-state --as-needed -lgcc_s --pop-state /usr/lib/gcc/x86_64-linux-gnu/9/crtendS.o /usr/lib/gcc/x86_64-linux-gnu/9/../../../x86_64-linux-gnu/crtn.o
COLLECT_GCC_OPTIONS='-v' '-o' 'cmTC_fad17' '-mtune=generic' '-march=x86-64'
make[1]: Leaving directory '/work/hw-aogara/hw3/hw3_heap_checker/CMakeFiles/CMakeTmp'



Parsed C implicit include dir info from above output: rv=done
  found start of include info
  found start of implicit include info
    add: [/usr/lib/gcc/x86_64-linux-gnu/9/include]
    add: [/usr/local/include]
    add: [/usr/include/x86_64-linux-gnu]
    add: [/usr/include]
  end of search list found
  collapse include dir [/usr/lib/gcc/x86_64-linux-gnu/9/include] ==> [/usr/lib/gcc/x86_64-linux-gnu/9/include]
  collapse include dir [/usr/local/include] ==> [/usr/local/include]
  collapse include dir [/usr/include/x86_64-linux-gnu] ==> [/usr/include/x86_64-linux-gnu]
  collapse include dir [/usr/include] ==> [/usr/include]
  implicit include dirs: [/usr/lib/gcc/x86_64-linux-gnu/9/include;/usr/local/include;/usr/include/x86_64-linux-gnu;/usr/include]


Parsed C implicit link information from above output:
  link line regex: [^( *|.*[/\])(ld|CMAKE_LINK_STARTFILE-NOTFOUND|([^/\]+-)?ld|collect2)[^/\]*( |$)]
  ignore line: [Change Dir: /work/hw-aogara/hw3/hw3_heap_checker/CMakeFiles/CMakeTmp]
  ignore line: []
  ignore line: [Run Build Command(s):/usr/bin/make cmTC_fad17/fast && /usr/bin/make -f CMakeFiles/cmTC_fad17.dir/build.make CMakeFiles/cmTC_fad17.dir/build]
  ignore line: [make[1]: Entering directory '/work/hw-aogara/hw3/hw3_heap_checker/CMakeFiles/CMakeTmp']
  ignore line: [Building C object CMakeFiles/cmTC_fad17.dir/CMakeCCompilerABI.c.o]
  ignore line: [/usr/bin/cc   -v -o CMakeFiles/cmTC_fad17.dir/CMakeCCompilerABI.c.o   -c /usr/share/cmake-3.16/Modules/CMakeCCompilerABI.c]
  ignore line: [Using built-in specs.]
  ignore line: [COLLECT_GCC=/usr/bin/cc]
  ignore line: [OFFLOAD_TARGET_NAMES=nvptx-none:hsa]
  ignore line: [OFFLOAD_TARGET_DEFAULT=1]
  ignore line: [Target: x86_64-linux-gnu]
  ignore line: [Configured with: ../src/configure -v --with-pkgversion='Ubuntu 9.3.0-17ubuntu1~20.04' --with-bugurl=file:///usr/share/doc/gcc-9/README.Bugs --enable-languages=c ada c++ go brig d fortran objc obj-c++ gm2 --prefix=/usr --with-gcc-major-version-only --program-suffix=-9 --program-prefix=x86_64-linux-gnu- --enable-shared --enable-linker-build-id --libexecdir=/usr/lib --without-included-gettext --enable-threads=posix --libdir=/usr/lib --enable-nls --enable-clocale=gnu --enable-libstdcxx-debug --enable-libstdcxx-time=yes --with-default-libstdcxx-abi=new --enable-gnu-unique-object --disable-vtable-verify --enable-plugin --enable-default-pie --with-system-zlib --with-target-system-zlib=auto --enable-objc-gc=auto --enable-multiarch --disable-werror --with-arch-32=i686 --with-abi=m64 --with-multilib-list=m32 m64 mx32 --enable-multilib --with-tune=generic --enable-offload-targets=nvptx-none=/build/gcc-9-HskZEa/gcc-9-9.3.0/debian/tmp-nvptx/usr hsa --without-cuda-driver --enable-checking=release --build=x86_64-linux-gnu --host=x86_64-linux-gnu --target=x86_64-linux-gnu]
  ignore line: [Thread model: posix]
  ignore line: [gcc version 9.3.0 (Ubuntu 9.3.0-17ubuntu1~20.04) ]
  ignore line: [COLLECT_GCC_OPTIONS='-v' '-o' 'CMakeFiles/cmTC_fad17.dir/CMakeCCompilerABI.c.o' '-c' '-mtune=generic' '-march=x86-64']
  ignore line: [ /usr/lib/gcc/x86_64-linux-gnu/9/cc1 -quiet -v -imultiarch x86_64-linux-gnu /usr/share/cmake-3.16/Modules/CMakeCCompilerABI.c -quiet -dumpbase CMakeCCompilerABI.c -mtune=generic -march=x86-64 -auxbase-strip CMakeFiles/cmTC_fad17.dir/CMakeCCompilerABI.c.o -version -fasynchronous-unwind-tables -fstack-protector-strong -Wformat -Wformat-security -fstack-clash-protection -fcf-protection -o /tmp/cc71XbUr.s]
  ignore line: [GNU C17 (Ubuntu 9.3.0-17ubuntu1~20.04) version 9.3.0 (x86_64-linux-gnu)]
  ignore line: [	compiled by GNU C version 9.3.0  GMP version 6.2.0  MPFR version 4.0.2  MPC version 1.1.0  isl version isl-0.22.1-GMP]
  ignore line: []
  ignore line: [GGC heuristics: --param ggc-min-expand=100 --param ggc-min-heapsize=131072]
  ignore line: [ignoring nonexistent directory "/usr/local/include/x86_64-linux-gnu"]
  ignore line: [ignoring nonexistent directory "/usr/lib/gcc/x86_64-linux-gnu/9/include-fixed"]
  ignore line: [ignoring nonexistent directory "/usr/lib/gcc/x86_64-linux-gnu/9/../../../../x86_64-linux-gnu/include"]
  ignore line: [#include "..." search starts here:]
  ignore line: [#include <...> search starts here:]
  ignore line: [ /usr/lib/gcc/x86_64-linux-gnu/9/include]
  ignore line: [ /usr/local/include]
  ignore line: [ /usr/include/x86_64-linux-gnu]
  ignore line: [ /usr/include]
  ignore line: [End of search list.]
  ignore line: [GNU C17 (Ubuntu 9.3.0-17ubuntu1~20.04) version 9.3.0 (x86_64-linux-gnu)]
  ignore line: [	compiled by GNU C version 9.3.0  GMP version 6.2.0  MPFR version 4.0.2  MPC version 1.1.0  isl version isl-0.22.1-GMP]
  ignore line: []
  ignore line: [GGC heuristics: --param ggc-min-expand=100 --param ggc-min-heapsize=131072]
  ignore line: [Compiler executable checksum: bbf13931d8de1abe14040c9909cb6969]
  ignore line: [COLLECT_GCC_OPTIONS='-v' '-o' 'CMakeFiles/cmTC_fad17.dir/CMakeCCompilerABI.c.o' '-c' '-mtune=generic' '-march=x86-64']
  ignore line: [ as -v --64 -o CMakeFiles/cmTC_fad17.dir/CMakeCCompilerABI.c.o /tmp/cc71XbUr.s]
  ignore line: [GNU assembler version 2.34 (x86_64-linux-gnu) using BFD version (GNU Binutils for Ubuntu) 2.34]
  ignore line: [COMPILER_PATH=/usr/lib/gcc/x86_64-linux-gnu/9/:/usr/lib/gcc/x86_64-linux-gnu/9/:/usr/lib/gcc/x86_64-linux-gnu/:/usr/lib/gcc/x86_64-linux-gnu/9/:/usr/lib/gcc/x86_64-linux-gnu/]
  ignore line: [LIBRARY_PATH=/usr/lib/gcc/x86_64-linux-gnu/9/:/usr/lib/gcc/x86_64-linux-gnu/9/../../../x86_64-linux-gnu/:/usr/lib/gcc/x86_64-linux-gnu/9/../../../../lib/:/lib/x86_64-linux-gnu/:/lib/../lib/:/usr/lib/x86_64-linux-gnu/:/usr/lib/../lib/:/usr/lib/gcc/x86_64-linux-gnu/9/../../../:/lib/:/usr/lib/]
  ignore line: [COLLECT_GCC_OPTIONS='-v' '-o' 'CMakeFiles/cmTC_fad17.dir/CMakeCCompilerABI.c.o' '-c' '-mtune=generic' '-march=x86-64']
  ignore line: [Linking C executable cmTC_fad17]
  ignore line: [/usr/bin/cmake -E cmake_link_script CMakeFiles/cmTC_fad17.dir/link.txt --verbose=1]
  ignore line: [/usr/bin/cc     -v CMakeFiles/cmTC_fad17.dir/CMakeCCompilerABI.c.o  -o cmTC_fad17 ]
  ignore line: [Using built-in specs.]
  ignore line: [COLLECT_GCC=/usr/bin/cc]
  ignore line: [COLLECT_LTO_WRAPPER=/usr/lib/gcc/x86_64-linux-gnu/9/lto-wrapper]
  ignore line: [OFFLOAD_TARGET_NAMES=nvptx-none:hsa]
  ignore line: [OFFLOAD_TARGET_DEFAULT=1]
  ignore line: [Target: x86_64-linux-gnu]
  ignore line: [Configured with: ../src/configure -v --with-pkgversion='Ubuntu 9.3.0-17ubuntu1~20.04' --with-bugurl=file:///usr/share/doc/gcc-9/README.Bugs --enable-languages=c ada c++ go brig d fortran objc obj-c++ gm2 --prefix=/usr --with-gcc-major-version-only --program-suffix=-9 --program-prefix=x86_64-linux-gnu- --enable-shared --enable-linker-build-id --libexecdir=/usr/lib --without-included-gettext --enable-threads=posix --libdir=/usr/lib --enable-nls --enable-clocale=gnu --enable-libstdcxx-debug --enable-libstdcxx-time=yes --with-default-libstdcxx-abi=new --enable-gnu-unique-object --disable-vtable-verify --enable-plugin --enable-default-pie --with-system-zlib --with-target-system-zlib=auto --enable-objc-gc=auto --enable-multiarch --disable-werror --with-arch-32=i686 --with-abi=m64 --with-multilib-list=m32 m64 mx32 --enable-multilib --with-tune=generic --enable-offload-targets=nvptx-none=/build/gcc-9-HskZEa/gcc-9-9.3.0/debian/tmp-nvptx/usr hsa --without-cuda-driver --enable-checking=release --build=x86_64-linux-gnu --host=x86_64-linux-gnu --target=x86_64-linux-gnu]
  ignore line: [Thread model: posix]
  ignore line: [gcc version 9.3.0 (Ubuntu 9.3.0-17ubuntu1~20.04) ]
  ignore line: [COMPILER_PATH=/usr/lib/gcc/x86_64-linux-gnu/9/:/usr/lib/gcc/x86_64-linux-gnu/9/:/usr/lib/gcc/x86_64-linux-gnu/:/usr/lib/gcc/x86_64-linux-gnu/9/:/usr/lib/gcc/x86_64-linux-gnu/]
  ignore line: [LIBRARY_PATH=/usr/lib/gcc/x86_64-linux-gnu/9/:/usr/lib/gcc/x86_64-linux-gnu/9/../../../x86_64-linux-gnu/:/usr/lib/gcc/x86_64-linux-gnu/9/../../../../lib/:/lib/x86_64-linux-gnu/:/lib/../lib/:/usr/lib/x86_64-linux-gnu/:/usr/lib/../lib/:/usr/lib/gcc/x86_64-linux-gnu/9/../../../:/lib/:/usr/lib/]
  ignore line: [COLLECT_GCC_OPTIONS='-v' '-o' 'cmTC_fad17' '-mtune=generic' '-march=x86-64']
  link line: [ /usr/lib/gcc/x86_64-linux-gnu/9/collect2 -plugin /usr/lib/gcc/x86_64-linux-gnu/9/liblto_plugin.so -plugin-opt=/usr/lib/gcc/x86_64-linux-gnu/9/lto-wrapper -plugin-opt=-fresolution=/tmp/ccm56DLW.res -plugin-opt=-pass-through=-lgcc -plugin-opt=-pass-through=-lgcc_s -plugin-opt=-pass-through=-lc -plugin-opt=-pass-through=-lgcc -plugin-opt=-pass-through=-lgcc_s --build-id --eh-frame-hdr -m elf_x86_64 --hash-style=gnu --as-needed -dynamic-linker /lib64/ld-linux-x86-64.so.2 -pie -z now -z relro -o cmTC_fad17 /usr/lib/gcc/x86_64-linux-gnu/9/../../../x86_64-linux-gnu/Scrt1.o /usr/lib/gcc/x86_64-linux-gnu/9/../../../x86_64-linux-gnu/crti.o /usr/lib/gcc/x86_64-linux-gnu/9/crtbeginS.o -L/usr/lib/gcc/x86_64-linux-gnu/9 -L/usr/lib/gcc/x86_64-linux-gnu/9/../../../x86_64-linux-gnu -L/usr/lib/gcc/x86_64-linux-gnu/9/../../../../lib -L/lib/x86_64-linux-gnu -L/lib/../lib -L/usr/lib/x86_64-linux-gnu -L/usr/lib/../lib -L/usr/lib/gcc/x86_64-linux-gnu/9/../../.. CMakeFiles/cmTC_fad17.dir/CMakeCCompilerABI.c.o -lgcc --push-state --as-needed -lgcc_s --pop-state -lc -lgcc --push-state --as-needed -lgcc_s --pop-state /usr/lib/gcc/x86_64-linux-gnu/9/crtendS.o /usr/lib/gcc/x86_64-linux-gnu/9/../../../x86_64-linux-gnu/crtn.o]
    arg [/usr/lib/gcc/x86_64-linux-gnu/9/collect2] ==> ignore
    arg [-plugin] ==> ignore
    arg [/usr/lib/gcc/x86_64-linux-gnu/9/liblto_plugin.so] ==> ignore
    arg [-plugin-opt=/usr/lib/gcc/x86_64-linux-gnu/9/lto-wrapper] ==> ignore
    arg [-plugin-opt=-fresolution=/tmp/ccm56DLW.res] ==> ignore
    arg [-plugin-opt=-pass-through=-lgcc] ==> ignore
    arg [-plugin-opt=-pass-through=-lgcc_s] ==> ignore
    arg [-plugin-opt=-pass-through=-lc] ==> ignore
    arg [-plugin-opt=-pass-through=-lgcc] ==> ignore
    arg [-plugin-opt=-pass-through=-lgcc_s] ==> ignore
    arg [--build-id] ==> ignore
    arg [--eh-frame-hdr] ==> ignore
    arg [-m] ==> ignore
    arg [elf_x86_64] ==> ignore
    arg [--hash-style=gnu] ==> ignore
    arg [--as-needed] ==> ignore
    arg [-dynamic-linker] ==> ignore
    arg [/lib64/ld-linux-x86-64.so.2] ==> ignore
    arg [-pie] ==> ignore
    arg [-znow] ==> ignore
    arg [-zrelro] ==> ignore
    arg [-o] ==> ignore
    arg [cmTC_fad17] ==> ignore
    arg [/usr/lib/gcc/x86_64-linux-gnu/9/../../../x86_64-linux-gnu/Scrt1.o] ==> ignore
    arg [/usr/lib/gcc/x86_64-linux-gnu/9/../../../x86_64-linux-gnu/crti.o] ==> ignore
    arg [/usr/lib/gcc/x86_64-linux-gnu/9/crtbeginS.o] ==> ignore
    arg [-L/usr/lib/gcc/x86_64-linux-gnu/9] ==> dir [/usr/lib/gcc/x86_64-linux-gnu/9]
    arg [-L/usr/lib/gcc/x86_64-linux-gnu/9/../../../x86_64-linux-gnu] ==> dir [/usr/lib/gcc/x86_64-linux-gnu/9/../../../x86_64-linux-gnu]
    arg [-L/usr/lib/gcc/x86_64-linux-gnu/9/../../../../lib] ==> dir [/usr/lib/gcc/x86_64-linux-gnu/9/../../../../lib]
    arg [-L/lib/x86_64-linux-gnu] ==> dir [/lib/x86_64-linux-gnu]
    arg [-L/lib/../lib] ==> dir [/lib/../lib]
    arg [-L/usr/lib/x86_64-linux-gnu] ==> dir [/usr/lib/x86_64-linux-gnu]
    arg [-L/usr/lib/../lib] ==> dir [/usr/lib/../lib]
    arg [-L/usr/lib/gcc/x86_64-linux-gnu/9/../../..] ==> dir [/usr/lib/gcc/x86_64-linux-gnu/9/../../..]
    arg [CMakeFiles/cmTC_fad17.dir/CMakeCCompilerABI.c.o] ==> ignore
    arg [-lgcc] ==> lib [gcc]
    arg [--push-state] ==> ignore
    arg [--as-needed] ==> ignore
    arg [-lgcc_s] ==> lib [gcc_s]
    arg [--pop-state] ==> ignore
    arg [-lc] ==> lib [c]
    arg [-lgcc] ==> lib [gcc]
    arg [--push-state] ==> ignore
    arg [--as-needed] ==> ignore
    arg [-lgcc_s] ==> lib [gcc_s]
    arg [--pop-state] ==> ignore
    arg [/usr/lib/gcc/x86_64-linux-gnu/9/crtendS.o] ==> ignore
    arg [/usr/lib/gcc/x86_64-linux-gnu/9/../../../x86_64-linux-gnu/crtn.o] ==> ignore
  collapse library dir [/usr/lib/gcc/x86_64-linux-gnu/9] ==> [/usr/lib/gcc/x86_64-linux-gnu/9]
  collapse library dir [/usr/lib/gcc/x86_64-linux-gnu/9/../../../x86_64-linux-gnu] ==> [/usr/lib/x86_64-linux-gnu]
  collapse library dir [/usr/lib/gcc/x86_64-linux-gnu/9/../../../../lib] ==> [/usr/lib]
  collapse library dir [/lib/x86_64-linux-gnu] ==> [/lib/x86_64-linux-gnu]
  collapse library dir [/lib/../lib] ==> [/lib]
  collapse library dir [/usr/lib/x86_64-linux-gnu] ==> [/usr/lib/x86_64-linux-gnu]
  collapse library dir [/usr/lib/../lib] ==> [/usr/lib]
  collapse library dir [/usr/lib/gcc/x86_64-linux-gnu/9/../../..] ==> [/usr/lib]
  implicit libs: [gcc;gcc_s;c;gcc;gcc_s]
  implicit dirs: [/usr/lib/gcc/x86_64-linux-gnu/9;/usr/lib/x86_64-linux-gnu;/usr/lib;/lib/x86_64-linux-gnu;/lib]
  implicit fwks: []


Determining if the CXX compiler works passed with the following output:
Change Dir: /work/hw-aogara/hw3/hw3_heap_checker/CMakeFiles/CMakeTmp

Run Build Command(s):/usr/bin/make cmTC_a386f/fast && /usr/bin/make -f CMakeFiles/cmTC_a386f.dir/build.make CMakeFiles/cmTC_a386f.dir/build
make[1]: Entering directory '/work/hw-aogara/hw3/hw3_heap_checker/CMakeFiles/CMakeTmp'
Building CXX object CMakeFiles/cmTC_a386f.dir/testCXXCompiler.cxx.o
/usr/bin/c++     -o CMakeFiles/cmTC_a386f.dir/testCXXCompiler.cxx.o -c /work/hw-aogara/hw3/hw3_heap_checker/CMakeFiles/CMakeTmp/testCXXCompiler.cxx
Linking CXX executable cmTC_a386f
/usr/bin/cmake -E cmake_link_script CMakeFiles/cmTC_a386f.dir/link.txt --verbose=1
/usr/bin/c++       CMakeFiles/cmTC_a386f.dir/testCXXCompiler.cxx.o  -o cmTC_a386f 
make[1]: Leaving directory '/work/hw-aogara/hw3/hw3_heap_checker/CMakeFiles/CMakeTmp'



Detecting CXX compiler ABI info compiled with the following output:
Change Dir: /work/hw-aogara/hw3/hw3_heap_checker/CMakeFiles/CMakeTmp

Run Build Command(s):/usr/bin/make cmTC_b437e/fast && /usr/bin/make -f CMakeFiles/cmTC_b437e.dir/build.make CMakeFiles/cmTC_b437e.dir/build
make[1]: Entering directory '/work/hw-aogara/hw3/hw3_heap_checker/CMakeFiles/CMakeTmp'
Building CXX object CMakeFiles/cmTC_b437e.dir/CMakeCXXCompilerABI.cpp.o
/usr/bin/c++    -v -o CMakeFiles/cmTC_b437e.dir/CMakeCXXCompilerABI.cpp.o -c /usr/share/cmake-3.16/Modules/CMakeCXXCompilerABI.cpp
Using built-in specs.
COLLECT_GCC=/usr/bin/c++
OFFLOAD_TARGET_NAMES=nvptx-none:hsa
OFFLOAD_TARGET_DEFAULT=1
Target: x86_64-linux-gnu
Configured with: ../src/configure -v --with-pkgversion='Ubuntu 9.3.0-17ubuntu1~20.04' --with-bugurl=file:///usr/share/doc/gcc-9/README.Bugs --enable-languages=c,ada,c++,go,brig,d,fortran,objc,obj-c++,gm2 --prefix=/usr --with-gcc-major-version-only --program-suffix=-9 --program-prefix=x86_64-linux-gnu- --enable-shared --enable-linker-build-id --libexecdir=/usr/lib --without-included-gettext --enable-threads=posix --libdir=/usr/lib --enable-nls --enable-clocale=gnu --enable-libstdcxx-debug --enable-libstdcxx-time=yes --with-default-libstdcxx-abi=new --enable-gnu-unique-object --disable-vtable-verify --enable-plugin --enable-default-pie --with-system-zlib --with-target-system-zlib=auto --enable-objc-gc=auto --enable-multiarch --disable-werror --with-arch-32=i686 --with-abi=m64 --with-multilib-list=m32,m64,mx32 --enable-multilib --with-tune=generic --enable-offload-targets=nvptx-none=/build/gcc-9-HskZEa/gcc-9-9.3.0/debian/tmp-nvptx/usr,hsa --without-cuda-driver --enable-checking=release --build=x86_64-linux-gnu --host=x86_64-linux-gnu --target=x86_64-linux-gnu
Thread model: posix
gcc version 9.3.0 (Ubuntu 9.3.0-17ubuntu1~20.04) 
COLLECT_GCC_OPTIONS='-v' '-o' 'CMakeFiles/cmTC_b437e.dir/CMakeCXXCompilerABI.cpp.o' '-c' '-shared-libgcc' '-mtune=generic' '-march=x86-64'
 /usr/lib/gcc/x86_64-linux-gnu/9/cc1plus -quiet -v -imultiarch x86_64-linux-gnu -D_GNU_SOURCE /usr/share/cmake-3.16/Modules/CMakeCXXCompilerABI.cpp -quiet -dumpbase CMakeCXXCompilerABI.cpp -mtune=generic -march=x86-64 -auxbase-strip CMakeFiles/cmTC_b437e.dir/CMakeCXXCompilerABI.cpp.o -version -fasynchronous-unwind-tables -fstack-protector-strong -Wformat -Wformat-security -fstack-clash-protection -fcf-protection -o /tmp/ccjrnDHq.s
GNU C++14 (Ubuntu 9.3.0-17ubuntu1~20.04) version 9.3.0 (x86_64-linux-gnu)
	compiled by GNU C version 9.3.0, GMP version 6.2.0, MPFR version 4.0.2, MPC version 1.1.0, isl version isl-0.22.1-GMP

GGC heuristics: --param ggc-min-expand=100 --param ggc-min-heapsize=131072
ignoring duplicate directory "/usr/include/x86_64-linux-gnu/c++/9"
ignoring nonexistent directory "/usr/local/include/x86_64-linux-gnu"
ignoring nonexistent directory "/usr/lib/gcc/x86_64-linux-gnu/9/include-fixed"
ignoring nonexistent directory "/usr/lib/gcc/x86_64-linux-gnu/9/../../../../x86_64-linux-gnu/include"
#include "..." search starts here:
#include <...> search starts here:
 /usr/include/c++/9
 /usr/include/x86_64-linux-gnu/c++/9
 /usr/include/c++/9/backward
 /usr/lib/gcc/x86_64-linux-gnu/9/include
 /usr/local/include
 /usr/include/x86_64-linux-gnu
 /usr/include
End of search list.
GNU C++14 (Ubuntu 9.3.0-17ubuntu1~20.04) version 9.3.0 (x86_64-linux-gnu)
	compiled by GNU C version 9.3.0, GMP version 6.2.0, MPFR version 4.0.2, MPC version 1.1.0, isl version isl-0.22.1-GMP

GGC heuristics: --param ggc-min-expand=100 --param ggc-min-heapsize=131072
Compiler executable checksum: 466f818abe2f30ba03783f22bd12d815
COLLECT_GCC_OPTIONS='-v' '-o' 'CMakeFiles/cmTC_b437e.dir/CMakeCXXCompilerABI.cpp.o' '-c' '-shared-libgcc' '-mtune=generic' '-march=x86-64'
 as -v --64 -o CMakeFiles/cmTC_b437e.dir/CMakeCXXCompilerABI.cpp.o /tmp/ccjrnDHq.s
GNU assembler version 2.34 (x86_64-linux-gnu) using BFD version (GNU Binutils for Ubuntu) 2.34
COMPILER_PATH=/usr/lib/gcc/x86_64-linux-gnu/9/:/usr/lib/gcc/x86_64-linux-gnu/9/:/usr/lib/gcc/x86_64-linux-gnu/:/usr/lib/gcc/x86_64-linux-gnu/9/:/usr/lib/gcc/x86_64-linux-gnu/
LIBRARY_PATH=/usr/lib/gcc/x86_64-linux-gnu/9/:/usr/lib/gcc/x86_64-linux-gnu/9/../../../x86_64-linux-gnu/:/usr/lib/gcc/x86_64-linux-gnu/9/../../../../lib/:/lib/x86_64-linux-gnu/:/lib/../lib/:/usr/lib/x86_64-linux-gnu/:/usr/lib/../lib/:/usr/lib/gcc/x86_64-linux-gnu/9/../../../:/lib/:/usr/lib/
COLLECT_GCC_OPTIONS='-v' '-o' 'CMakeFiles/cmTC_b437e.dir/CMakeCXXCompilerABI.cpp.o' '-c' '-shared-libgcc' '-mtune=generic' '-march=x86-64'
Linking CXX executable cmTC_b437e
/usr/bin/cmake -E cmake_link_script CMakeFiles/cmTC_b437e.dir/link.txt --verbose=1
/usr/bin/c++      -v CMakeFiles/cmTC_b437e.dir/CMakeCXXCompilerABI.cpp.o  -o cmTC_b437e 
Using built-in specs.
COLLECT_GCC=/usr/bin/c++
COLLECT_LTO_WRAPPER=/usr/lib/gcc/x86_64-linux-gnu/9/lto-wrapper
OFFLOAD_TARGET_NAMES=nvptx-none:hsa
OFFLOAD_TARGET_DEFAULT=1
Target: x86_64-linux-gnu
Configured with: ../src/configure -v --with-pkgversion='Ubuntu 9.3.0-17ubuntu1~20.04' --with-bugurl=file:///usr/share/doc/gcc-9/README.Bugs --enable-languages=c,ada,c++,go,brig,d,fortran,objc,obj-c++,gm2 --prefix=/usr --with-gcc-major-version-only --program-suffix=-9 --program-prefix=x86_64-linux-gnu- --enable-shared --enable-linker-build-id --libexecdir=/usr/lib --without-included-gettext --enable-threads=posix --libdir=/usr/lib --enable-nls --enable-clocale=gnu --enable-libstdcxx-debug --enable-libstdcxx-time=yes --with-default-libstdcxx-abi=new --enable-gnu-unique-object --disable-vtable-verify --enable-plugin --enable-default-pie --with-system-zlib --with-target-system-zlib=auto --enable-objc-gc=auto --enable-multiarch --disable-werror --with-arch-32=i686 --with-abi=m64 --with-multilib-list=m32,m64,mx32 --enable-multilib --with-tune=generic --enable-offload-targets=nvptx-none=/build/gcc-9-HskZEa/gcc-9-9.3.0/debian/tmp-nvptx/usr,hsa --without-cuda-driver --enable-checking=release --build=x86_64-linux-gnu --host=x86_64-linux-gnu --target=x86_64-linux-gnu
Thread model: posix
gcc version 9.3.0 (Ubuntu 9.3.0-17ubuntu1~20.04) 
COMPILER_PATH=/usr/lib/gcc/x86_64-linux-gnu/9/:/usr/lib/gcc/x86_64-linux-gnu/9/:/usr/lib/gcc/x86_64-linux-gnu/:/usr/lib/gcc/x86_64-linux-gnu/9/:/usr/lib/gcc/x86_64-linux-gnu/
LIBRARY_PATH=/usr/lib/gcc/x86_64-linux-gnu/9/:/usr/lib/gcc/x86_64-linux-gnu/9/../../../x86_64-linux-gnu/:/usr/lib/gcc/x86_64-linux-gnu/9/../../../../lib/:/lib/x86_64-linux-gnu/:/lib/../lib/:/usr/lib/x86_64-linux-gnu/:/usr/lib/../lib/:/usr/lib/gcc/x86_64-linux-gnu/9/../../../:/lib/:/usr/lib/
COLLECT_GCC_OPTIONS='-v' '-o' 'cmTC_b437e' '-shared-libgcc' '-mtune=generic' '-march=x86-64'
 /usr/lib/gcc/x86_64-linux-gnu/9/collect2 -plugin /usr/lib/gcc/x86_64-linux-gnu/9/liblto_plugin.so -plugin-opt=/usr/lib/gcc/x86_64-linux-gnu/9/lto-wrapper -plugin-opt=-fresolution=/tmp/ccAdS9TR.res -plugin-opt=-pass-through=-lgcc_s -plugin-opt=-pass-through=-lgcc -plugin-opt=-pass-through=-lc -plugin-opt=-pass-through=-lgcc_s -plugin-opt=-pass-through=-lgcc --build-id --eh-frame-hdr -m elf_x86_64 --hash-style=gnu --as-needed -dynamic-linker /lib64/ld-linux-x86-64.so.2 -pie -z now -z relro -o cmTC_b437e /usr/lib/gcc/x86_64-linux-gnu/9/../../../x86_64-linux-gnu/Scrt1.o /usr/lib/gcc/x86_64-linux-gnu/9/../../../x86_64-linux-gnu/crti.o /usr/lib/gcc/x86_64-linux-gnu/9/crtbeginS.o -L/usr/lib/gcc/x86_64-linux-gnu/9 -L/usr/lib/gcc/x86_64-linux-gnu/9/../../../x86_64-linux-gnu -L/usr/lib/gcc/x86_64-linux-gnu/9/../../../../lib -L/lib/x86_64-linux-gnu -L/lib/../lib -L/usr/lib/x86_64-linux-gnu -L/usr/lib/../lib -L/usr/lib/gcc/x86_64-linux-gnu/9/../../.. CMakeFiles/cmTC_b437e.dir/CMakeCXXCompilerABI.cpp.o -lstdc++ -lm -lgcc_s -lgcc -lc -lgcc_s -lgcc /usr/lib/gcc/x86_64-linux-gnu/9/crtendS.o /usr/lib/gcc/x86_64-linux-gnu/9/../../../x86_64-linux-gnu/crtn.o
COLLECT_GCC_OPTIONS='-v' '-o' 'cmTC_b437e' '-shared-libgcc' '-mtune=generic' '-march=x86-64'
make[1]: Leaving directory '/work/hw-aogara/hw3/hw3_heap_checker/CMakeFiles/CMakeTmp'



Parsed CXX implicit include dir info from above output: rv=done
  found start of include info
  found start of implicit include info
    add: [/usr/include/c++/9]
    add: [/usr/include/x86_64-linux-gnu/c++/9]
    add: [/usr/include/c++/9/backward]
    add: [/usr/lib/gcc/x86_64-linux-gnu/9/include]
    add: [/usr/local/include]
    add: [/usr/include/x86_64-linux-gnu]
    add: [/usr/include]
  end of search list found
  collapse include dir [/usr/include/c++/9] ==> [/usr/include/c++/9]
  collapse include dir [/usr/include/x86_64-linux-gnu/c++/9] ==> [/usr/include/x86_64-linux-gnu/c++/9]
  collapse include dir [/usr/include/c++/9/backward] ==> [/usr/include/c++/9/backward]
  collapse include dir [/usr/lib/gcc/x86_64-linux-gnu/9/include] ==> [/usr/lib/gcc/x86_64-linux-gnu/9/include]
  collapse include dir [/usr/local/include] ==> [/usr/local/include]
  collapse include dir [/usr/include/x86_64-linux-gnu] ==> [/usr/include/x86_64-linux-gnu]
  collapse include dir [/usr/include] ==> [/usr/include]
  implicit include dirs: [/usr/include/c++/9;/usr/include/x86_64-linux-gnu/c++/9;/usr/include/c++/9/backward;/usr/lib/gcc/x86_64-linux-gnu/9/include;/usr/local/include;/usr/include/x86_64-linux-gnu;/usr/include]


Parsed CXX implicit link information from above output:
  link line regex: [^( *|.*[/\])(ld|CMAKE_LINK_STARTFILE-NOTFOUND|([^/\]+-)?ld|collect2)[^/\]*( |$)]
  ignore line: [Change Dir: /work/hw-aogara/hw3/hw3_heap_checker/CMakeFiles/CMakeTmp]
  ignore line: []
  ignore line: [Run Build Command(s):/usr/bin/make cmTC_b437e/fast && /usr/bin/make -f CMakeFiles/cmTC_b437e.dir/build.make CMakeFiles/cmTC_b437e.dir/build]
  ignore line: [make[1]: Entering directory '/work/hw-aogara/hw3/hw3_heap_checker/CMakeFiles/CMakeTmp']
  ignore line: [Building CXX object CMakeFiles/cmTC_b437e.dir/CMakeCXXCompilerABI.cpp.o]
  ignore line: [/usr/bin/c++    -v -o CMakeFiles/cmTC_b437e.dir/CMakeCXXCompilerABI.cpp.o -c /usr/share/cmake-3.16/Modules/CMakeCXXCompilerABI.cpp]
  ignore line: [Using built-in specs.]
  ignore line: [COLLECT_GCC=/usr/bin/c++]
  ignore line: [OFFLOAD_TARGET_NAMES=nvptx-none:hsa]
  ignore line: [OFFLOAD_TARGET_DEFAULT=1]
  ignore line: [Target: x86_64-linux-gnu]
  ignore line: [Configured with: ../src/configure -v --with-pkgversion='Ubuntu 9.3.0-17ubuntu1~20.04' --with-bugurl=file:///usr/share/doc/gcc-9/README.Bugs --enable-languages=c ada c++ go brig d fortran objc obj-c++ gm2 --prefix=/usr --with-gcc-major-version-only --program-suffix=-9 --program-prefix=x86_64-linux-gnu- --enable-shared --enable-linker-build-id --libexecdir=/usr/lib --without-included-gettext --enable-threads=posix --libdir=/usr/lib --enable-nls --enable-clocale=gnu --enable-libstdcxx-debug --enable-libstdcxx-time=yes --with-default-libstdcxx-abi=new --enable-gnu-unique-object --disable-vtable-verify --enable-plugin --enable-default-pie --with-system-zlib --with-target-system-zlib=auto --enable-objc-gc=auto --enable-multiarch --disable-werror --with-arch-32=i686 --with-abi=m64 --with-multilib-list=m32 m64 mx32 --enable-multilib --with-tune=generic --enable-offload-targets=nvptx-none=/build/gcc-9-HskZEa/gcc-9-9.3.0/debian/tmp-nvptx/usr hsa --without-cuda-driver --enable-checking=release --build=x86_64-linux-gnu --host=x86_64-linux-gnu --target=x86_64-linux-gnu]
  ignore line: [Thread model: posix]
  ignore line: [gcc version 9.3.0 (Ubuntu 9.3.0-17ubuntu1~20.04) ]
  ignore line: [COLLECT_GCC_OPTIONS='-v' '-o' 'CMakeFiles/cmTC_b437e.dir/CMakeCXXCompilerABI.cpp.o' '-c' '-shared-libgcc' '-mtune=generic' '-march=x86-64']
  ignore line: [ /usr/lib/gcc/x86_64-linux-gnu/9/cc1plus -quiet -v -imultiarch x86_64-linux-gnu -D_GNU_SOURCE /usr/share/cmake-3.16/Modules/CMakeCXXCompilerABI.cpp -quiet -dumpbase CMakeCXXCompilerABI.cpp -mtune=generic -march=x86-64 -auxbase-strip CMakeFiles/cmTC_b437e.dir/CMakeCXXCompilerABI.cpp.o -version -fasynchronous-unwind-tables -fstack-protector-strong -Wformat -Wformat-security -fstack-clash-protection -fcf-protection -o /tmp/ccjrnDHq.s]
  ignore line: [GNU C++14 (Ubuntu 9.3.0-17ubuntu1~20.04) version 9.3.0 (x86_64-linux-gnu)]
  ignore line: [	compiled by GNU C version 9.3.0  GMP version 6.2.0  MPFR version 4.0.2  MPC version 1.1.0  isl version isl-0.22.1-GMP]
  ignore line: []
  ignore line: [GGC heuristics: --param ggc-min-expand=100 --param ggc-min-heapsize=131072]
  ignore line: [ignoring duplicate directory "/usr/include/x86_64-linux-gnu/c++/9"]
  ignore line: [ignoring nonexistent directory "/usr/local/include/x86_64-linux-gnu"]
  ignore line: [ignoring nonexistent directory "/usr/lib/gcc/x86_64-linux-gnu/9/include-fixed"]
  ignore line: [ignoring nonexistent directory "/usr/lib/gcc/x86_64-linux-gnu/9/../../../../x86_64-linux-gnu/include"]
  ignore line: [#include "..." search starts here:]
  ignore line: [#include <...> search starts here:]
  ignore line: [ /usr/include/c++/9]
  ignore line: [ /usr/include/x86_64-linux-gnu/c++/9]
  ignore line: [ /usr/include/c++/9/backward]
  ignore line: [ /usr/lib/gcc/x86_64-linux-gnu/9/include]
  ignore line: [ /usr/local/include]
  ignore line: [ /usr/include/x86_64-linux-gnu]
  ignore line: [ /usr/include]
  ignore line: [End of search list.]
  ignore line: [GNU C++14 (Ubuntu 9.3.0-17ubuntu1~20.04) version 9.3.0 (x86_64-linux-gnu)]
  ignore line: [	compiled by GNU C version 9.3.0  GMP version 6.2.0  MPFR version 4.0.2  MPC version 1.1.0  isl version isl-0.22.1-GMP]
  ignore line: []
  ignore line: [GGC heuristics: --param ggc-min-expand=100 --param ggc-min-heapsize=131072]
  ignore line: [Compiler executable checksum: 466f818abe2f30ba03783f22bd12d815]
  ignore line: [COLLECT_GCC_OPTIONS='-v' '-o' 'CMakeFiles/cmTC_b437e.dir/CMakeCXXCompilerABI.cpp.o' '-c' '-shared-libgcc' '-mtune=generic' '-march=x86-64']
  ignore line: [ as -v --64 -o CMakeFiles/cmTC_b437e.dir/CMakeCXXCompilerABI.cpp.o /tmp/ccjrnDHq.s]
  ignore line: [GNU assembler version 2.34 (x86_64-linux-gnu) using BFD version (GNU Binutils for Ubuntu) 2.34]
  ignore line: [COMPILER_PATH=/usr/lib/gcc/x86_64-linux-gnu/9/:/usr/lib/gcc/x86_64-linux-gnu/9/:/usr/lib/gcc/x86_64-linux-gnu/:/usr/lib/gcc/x86_64-linux-gnu/9/:/usr/lib/gcc/x86_64-linux-gnu/]
  ignore line: [LIBRARY_PATH=/usr/lib/gcc/x86_64-linux-gnu/9/:/usr/lib/gcc/x86_64-linux-gnu/9/../../../x86_64-linux-gnu/:/usr/lib/gcc/x86_64-linux-gnu/9/../../../../lib/:/lib/x86_64-linux-gnu/:/lib/../lib/:/usr/lib/x86_64-linux-gnu/:/usr/lib/../lib/:/usr/lib/gcc/x86_64-linux-gnu/9/../../../:/lib/:/usr/lib/]
  ignore line: [COLLECT_GCC_OPTIONS='-v' '-o' 'CMakeFiles/cmTC_b437e.dir/CMakeCXXCompilerABI.cpp.o' '-c' '-shared-libgcc' '-mtune=generic' '-march=x86-64']
  ignore line: [Linking CXX executable cmTC_b437e]
  ignore line: [/usr/bin/cmake -E cmake_link_script CMakeFiles/cmTC_b437e.dir/link.txt --verbose=1]
  ignore line: [/usr/bin/c++      -v CMakeFiles/cmTC_b437e.dir/CMakeCXXCompilerABI.cpp.o  -o cmTC_b437e ]
  ignore line: [Using built-in specs.]
  ignore line: [COLLECT_GCC=/usr/bin/c++]
  ignore line: [COLLECT_LTO_WRAPPER=/usr/lib/gcc/x86_64-linux-gnu/9/lto-wrapper]
  ignore line: [OFFLOAD_TARGET_NAMES=nvptx-none:hsa]
  ignore line: [OFFLOAD_TARGET_DEFAULT=1]
  ignore line: [Target: x86_64-linux-gnu]
  ignore line: [Configured with: ../src/configure -v --with-pkgversion='Ubuntu 9.3.0-17ubuntu1~20.04' --with-bugurl=file:///usr/share/doc/gcc-9/README.Bugs --enable-languages=c ada c++ go brig d fortran objc obj-c++ gm2 --prefix=/usr --with-gcc-major-version-only --program-suffix=-9 --program-prefix=x86_64-linux-gnu- --enable-shared --enable-linker-build-id --libexecdir=/usr/lib --without-included-gettext --enable-threads=posix --libdir=/usr/lib --enable-nls --enable-clocale=gnu --enable-libstdcxx-debug --enable-libstdcxx-time=yes --with-default-libstdcxx-abi=new --enable-gnu-unique-object --disable-vtable-verify --enable-plugin --enable-default-pie --with-system-zlib --with-target-system-zlib=auto --enable-objc-gc=auto --enable-multiarch --disable-werror --with-arch-32=i686 --with-abi=m64 --with-multilib-list=m32 m64 mx32 --enable-multilib --with-tune=generic --enable-offload-targets=nvptx-none=/build/gcc-9-HskZEa/gcc-9-9.3.0/debian/tmp-nvptx/usr hsa --without-cuda-driver --enable-checking=release --build=x86_64-linux-gnu --host=x86_64-linux-gnu --target=x86_64-linux-gnu]
  ignore line: [Thread model: posix]
  ignore line: [gcc version 9.3.0 (Ubuntu 9.3.0-17ubuntu1~20.04) ]
  ignore line: [COMPILER_PATH=/usr/lib/gcc/x86_64-linux-gnu/9/:/usr/lib/gcc/x86_64-linux-gnu/9/:/usr/lib/gcc/x86_64-linux-gnu/:/usr/lib/gcc/x86_64-linux-gnu/9/:/usr/lib/gcc/x86_64-linux-gnu/]
  ignore line: [LIBRARY_PATH=/usr/lib/gcc/x86_64-linux-gnu/9/:/usr/lib/gcc/x86_64-linux-gnu/9/../../../x86_64-linux-gnu/:/usr/lib/gcc/x86_64-linux-gnu/9/../../../../lib/:/lib/x86_64-linux-gnu/:/lib/../lib/:/usr/lib/x86_64-linux-gnu/:/usr/lib/../lib/:/usr/lib/gcc/x86_64-linux-gnu/9/../../../:/lib/:/usr/lib/]
  ignore line: [COLLECT_GCC_OPTIONS='-v' '-o' 'cmTC_b437e' '-shared-libgcc' '-mtune=generic' '-march=x86-64']
  link line: [ /usr/lib/gcc/x86_64-linux-gnu/9/collect2 -plugin /usr/lib/gcc/x86_64-linux-gnu/9/liblto_plugin.so -plugin-opt=/usr/lib/gcc/x86_64-linux-gnu/9/lto-wrapper -plugin-opt=-fresolution=/tmp/ccAdS9TR.res -plugin-opt=-pass-through=-lgcc_s -plugin-opt=-pass-through=-lgcc -plugin-opt=-pass-through=-lc -plugin-opt=-pass-through=-lgcc_s -plugin-opt=-pass-through=-lgcc --build-id --eh-frame-hdr -m elf_x86_64 --hash-style=gnu --as-needed -dynamic-linker /lib64/ld-linux-x86-64.so.2 -pie -z now -z relro -o cmTC_b437e /usr/lib/gcc/x86_64-linux-gnu/9/../../../x86_64-linux-gnu/Scrt1.o /usr/lib/gcc/x86_64-linux-gnu/9/../../../x86_64-linux-gnu/crti.o /usr/lib/gcc/x86_64-linux-gnu/9/crtbeginS.o -L/usr/lib/gcc/x86_64-linux-gnu/9 -L/usr/lib/gcc/x86_64-linux-gnu/9/../../../x86_64-linux-gnu -L/usr/lib/gcc/x86_64-linux-gnu/9/../../../../lib -L/lib/x86_64-linux-gnu -L/lib/../lib -L/usr/lib/x86_64-linux-gnu -L/usr/lib/../lib -L/usr/lib/gcc/x86_64-linux-gnu/9/../../.. CMakeFiles/cmTC_b437e.dir/CMakeCXXCompilerABI.cpp.o -lstdc++ -lm -lgcc_s -lgcc -lc -lgcc_s -lgcc /usr/lib/gcc/x86_64-linux-gnu/9/crtendS.o /usr/lib/gcc/x86_64-linux-gnu/9/../../../x86_64-linux-gnu/crtn.o]
    arg [/usr/lib/gcc/x86_64-linux-gnu/9/collect2] ==> ignore
    arg [-plugin] ==> ignore
    arg [/usr/lib/gcc/x86_64-linux-gnu/9/liblto_plugin.so] ==> ignore
    arg [-plugin-opt=/usr/lib/gcc/x86_64-linux-gnu/9/lto-wrapper] ==> ignore
    arg [-plugin-opt=-fresolution=/tmp/ccAdS9TR.res] ==> ignore
    arg [-plugin-opt=-pass-through=-lgcc_s] ==> ignore
    arg [-plugin-opt=-pass-through=-lgcc] ==> ignore
    arg [-plugin-opt=-pass-through=-lc] ==> ignore
    arg [-plugin-opt=-pass-through=-lgcc_s] ==> ignore
    arg [-plugin-opt=-pass-through=-lgcc] ==> ignore
    arg [--build-id] ==> ignore
    arg [--eh-frame-hdr] ==> ignore
    arg [-m] ==> ignore
    arg [elf_x86_64] ==> ignore
    arg [--hash-style=gnu] ==> ignore
    arg [--as-needed] ==> ignore
    arg [-dynamic-linker] ==> ignore
    arg [/lib64/ld-linux-x86-64.so.2] ==> ignore
    arg [-pie] ==> ignore
    arg [-znow] ==> ignore
    arg [-zrelro] ==> ignore
    arg [-o] ==> ignore
    arg [cmTC_b437e] ==> ignore
    arg [/usr/lib/gcc/x86_64-linux-gnu/9/../../../x86_64-linux-gnu/Scrt1.o] ==> ignore
    arg [/usr/lib/gcc/x86_64-linux-gnu/9/../../../x86_64-linux-gnu/crti.o] ==> ignore
    arg [/usr/lib/gcc/x86_64-linux-gnu/9/crtbeginS.o] ==> ignore
    arg [-L/usr/lib/gcc/x86_64-linux-gnu/9] ==> dir [/usr/lib/gcc/x86_64-linux-gnu/9]
    arg [-L/usr/lib/gcc/x86_64-linux-gnu/9/../../../x86_64-linux-gnu] ==> dir [/usr/lib/gcc/x86_64-linux-gnu/9/../../../x86_64-linux-gnu]
    arg [-L/usr/lib/gcc/x86_64-linux-gnu/9/../../../../lib] ==> dir [/usr/lib/gcc/x86_64-linux-gnu/9/../../../../lib]
    arg [-L/lib/x86_64-linux-gnu] ==> dir [/lib/x86_64-linux-gnu]
    arg [-L/lib/../lib] ==> dir [/lib/../lib]
    arg [-L/usr/lib/x86_64-linux-gnu] ==> dir [/usr/lib/x86_64-linux-gnu]
    arg [-L/usr/lib/../lib] ==> dir [/usr/lib/../lib]
    arg [-L/usr/lib/gcc/x86_64-linux-gnu/9/../../..] ==> dir [/usr/lib/gcc/x86_64-linux-gnu/9/../../..]
    arg [CMakeFiles/cmTC_b437e.dir/CMakeCXXCompilerABI.cpp.o] ==> ignore
    arg [-lstdc++] ==> lib [stdc++]
    arg [-lm] ==> lib [m]
    arg [-lgcc_s] ==> lib [gcc_s]
    arg [-lgcc] ==> lib [gcc]
    arg [-lc] ==> lib [c]
    arg [-lgcc_s] ==> lib [gcc_s]
    arg [-lgcc] ==> lib [gcc]
    arg [/usr/lib/gcc/x86_64-linux-gnu/9/crtendS.o] ==> ignore
    arg [/usr/lib/gcc/x86_64-linux-gnu/9/../../../x86_64-linux-gnu/crtn.o] ==> ignore
  collapse library dir [/usr/lib/gcc/x86_64-linux-gnu/9] ==> [/usr/lib/gcc/x86_64-linux-gnu/9]
  collapse library dir [/usr/lib/gcc/x86_64-linux-gnu/9/../../../x86_64-linux-gnu] ==> [/usr/lib/x86_64-linux-gnu]
  collapse library dir [/usr/lib/gcc/x86_64-linux-gnu/9/../../../../lib] ==> [/usr/lib]
  collapse library dir [/lib/x86_64-linux-gnu] ==> [/lib/x86_64-linux-gnu]
  collapse library dir [/lib/../lib] ==> [/lib]
  collapse library dir [/usr/lib/x86_64-linux-gnu] ==> [/usr/lib/x86_64-linux-gnu]
  collapse library dir [/usr/lib/../lib] ==> [/usr/lib]
  collapse library dir [/usr/lib/gcc/x86_64-linux-gnu/9/../../..] ==> [/usr/lib]
  implicit libs: [stdc++;m;gcc_s;gcc;c;gcc_s;gcc]
  implicit dirs: [/usr/lib/gcc/x86_64-linux-gnu/9;/usr/lib/x86_64-linux-gnu;/usr/lib;/lib/x86_64-linux-gnu;/lib]
  implicit fwks: []


Determining if the include file pthread.h exists passed with the following output:
Change Dir: /work/hw-aogara/hw3/hw3_heap_checker/CMakeFiles/CMakeTmp

Run Build Command(s):/usr/bin/make cmTC_d9b58/fast && /usr/bin/make -f CMakeFiles/cmTC_d9b58.dir/build.make CMakeFiles/cmTC_d9b58.dir/build
make[1]: Entering directory '/work/hw-aogara/hw3/hw3_heap_checker/CMakeFiles/CMakeTmp'
Building C object CMakeFiles/cmTC_d9b58.dir/CheckIncludeFile.c.o
/usr/bin/cc    -o CMakeFiles/cmTC_d9b58.dir/CheckIncludeFile.c.o   -c /work/hw-aogara/hw3/hw3_heap_checker/CMakeFiles/CMakeTmp/CheckIncludeFile.c
Linking C executable cmTC_d9b58
/usr/bin/cmake -E cmake_link_script CMakeFiles/cmTC_d9b58.dir/link.txt --verbose=1
/usr/bin/cc      CMakeFiles/cmTC_d9b58.dir/CheckIncludeFile.c.o  -o cmTC_d9b58 
make[1]: Leaving directory '/work/hw-aogara/hw3/hw3_heap_checker/CMakeFiles/CMakeTmp'



Determining if the function pthread_create exists in the pthread passed with the following output:
Change Dir: /work/hw-aogara/hw3/hw3_heap_checker/CMakeFiles/CMakeTmp

Run Build Command(s):/usr/bin/make cmTC_4e9f9/fast && /usr/bin/make -f CMakeFiles/cmTC_4e9f9.dir/build.make CMakeFiles/cmTC_4e9f9.dir/build
make[1]: Entering directory '/work/hw-aogara/hw3/hw3_heap_checker/CMakeFiles/CMakeTmp'
Building C object CMakeFiles/cmTC_4e9f9.dir/CheckFunctionExists.c.o
/usr/bin/cc   -DCHECK_FUNCTION_EXISTS=pthread_create   -o CMakeFiles/cmTC_4e9f9.dir/CheckFunctionExists.c.o   -c /usr/share/cmake-3.16/Modules/CheckFunctionExists.c
Linking C executable cmTC_4e9f9
/usr/bin/cmake -E cmake_link_script CMakeFiles/cmTC_4e9f9.dir/link.txt --verbose=1
/usr/bin/cc  -DCHECK_FUNCTION_EXISTS=pthread_create    CMakeFiles/cmTC_4e9f9.dir/CheckFunctionExists.c.o  -o cmTC_4e9f9  -lpthread 
make[1]: Leaving directory '/work/hw-aogara/hw3/hw3_heap_checker/CMakeFiles/CMakeTmp'



Checking whether header cstdio is available compiled with the following output:
Change Dir: /work/hw-aogara/hw3/hw3_heap_checker/testing_utils/kwsys/CMakeFiles/CMakeTmp

Run Build Command(s):/usr/bin/make cmTC_b2de4/fast && /usr/bin/make -f CMakeFiles/cmTC_b2de4.dir/build.make CMakeFiles/cmTC_b2de4.dir/build
make[1]: Entering directory '/work/hw-aogara/hw3/hw3_heap_checker/testing_utils/kwsys/CMakeFiles/CMakeTmp'
Building CXX object CMakeFiles/cmTC_b2de4.dir/kwsysPlatformTestsCXX.cxx.o
/usr/bin/c++  -DTEST_KWSYS_CXX_HAS_CSTDIO  -Wall    -o CMakeFiles/cmTC_b2de4.dir/kwsysPlatformTestsCXX.cxx.o -c /work/hw-aogara/hw3/hw3_heap_checker/testing_utils/kwsys/kwsysPlatformTestsCXX.cxx
Linking CXX executable cmTC_b2de4
/usr/bin/cmake -E cmake_link_script CMakeFiles/cmTC_b2de4.dir/link.txt --verbose=1
/usr/bin/c++   -Wall     -rdynamic CMakeFiles/cmTC_b2de4.dir/kwsysPlatformTestsCXX.cxx.o  -o cmTC_b2de4 
make[1]: Leaving directory '/work/hw-aogara/hw3/hw3_heap_checker/testing_utils/kwsys/CMakeFiles/CMakeTmp'



Checking for Large File Support compiled and ran with the following output:
Change Dir: /work/hw-aogara/hw3/hw3_heap_checker/testing_utils/kwsys/CMakeFiles/CMakeTmp

Run Build Command(s):/usr/bin/make cmTC_71c73/fast && /usr/bin/make -f CMakeFiles/cmTC_71c73.dir/build.make CMakeFiles/cmTC_71c73.dir/build
make[1]: Entering directory '/work/hw-aogara/hw3/hw3_heap_checker/testing_utils/kwsys/CMakeFiles/CMakeTmp'
Building CXX object CMakeFiles/cmTC_71c73.dir/kwsysPlatformTestsCXX.cxx.o
/usr/bin/c++  -DKWSYS_CXX_HAS_CSTDIO=1 -DTEST_KWSYS_LFS_WORKS  -Wall    -o CMakeFiles/cmTC_71c73.dir/kwsysPlatformTestsCXX.cxx.o -c /work/hw-aogara/hw3/hw3_heap_checker/testing_utils/kwsys/kwsysPlatformTestsCXX.cxx
Linking CXX executable cmTC_71c73
/usr/bin/cmake -E cmake_link_script CMakeFiles/cmTC_71c73.dir/link.txt --verbose=1
/usr/bin/c++   -Wall     -rdynamic CMakeFiles/cmTC_71c73.dir/kwsysPlatformTestsCXX.cxx.o  -o cmTC_71c73 
make[1]: Leaving directory '/work/hw-aogara/hw3/hw3_heap_checker/testing_utils/kwsys/CMakeFiles/CMakeTmp'



Checking whether C++ compiler has 'long long' compiled with the following output:
Change Dir: /work/hw-aogara/hw3/hw3_heap_checker/testing_utils/kwsys/CMakeFiles/CMakeTmp

Run Build Command(s):/usr/bin/make cmTC_7fad2/fast && /usr/bin/make -f CMakeFiles/cmTC_7fad2.dir/build.make CMakeFiles/cmTC_7fad2.dir/build
make[1]: Entering directory '/work/hw-aogara/hw3/hw3_heap_checker/testing_utils/kwsys/CMakeFiles/CMakeTmp'
Building CXX object CMakeFiles/cmTC_7fad2.dir/kwsysPlatformTestsCXX.cxx.o
/usr/bin/c++  -DTEST_KWSYS_CXX_HAS_LONG_LONG  -Wall    -o CMakeFiles/cmTC_7fad2.dir/kwsysPlatformTestsCXX.cxx.o -c /work/hw-aogara/hw3/hw3_heap_checker/testing_utils/kwsys/kwsysPlatformTestsCXX.cxx
Linking CXX executable cmTC_7fad2
/usr/bin/cmake -E cmake_link_script CMakeFiles/cmTC_7fad2.dir/link.txt --verbose=1
/usr/bin/c++   -Wall     -rdynamic CMakeFiles/cmTC_7fad2.dir/kwsysPlatformTestsCXX.cxx.o  -o cmTC_7fad2 
make[1]: Leaving directory '/work/hw-aogara/hw3/hw3_heap_checker/testing_utils/kwsys/CMakeFiles/CMakeTmp'



Checking whether wstring is available compiled with the following output:
Change Dir: /work/hw-aogara/hw3/hw3_heap_checker/testing_utils/kwsys/CMakeFiles/CMakeTmp

Run Build Command(s):/usr/bin/make cmTC_34685/fast && /usr/bin/make -f CMakeFiles/cmTC_34685.dir/build.make CMakeFiles/cmTC_34685.dir/build
make[1]: Entering directory '/work/hw-aogara/hw3/hw3_heap_checker/testing_utils/kwsys/CMakeFiles/CMakeTmp'
Building CXX object CMakeFiles/cmTC_34685.dir/kwsysPlatformTestsCXX.cxx.o
/usr/bin/c++  -DTEST_KWSYS_STL_HAS_WSTRING  -Wall    -o CMakeFiles/cmTC_34685.dir/kwsysPlatformTestsCXX.cxx.o -c /work/hw-aogara/hw3/hw3_heap_checker/testing_utils/kwsys/kwsysPlatformTestsCXX.cxx
Linking CXX executable cmTC_34685
/usr/bin/cmake -E cmake_link_script CMakeFiles/cmTC_34685.dir/link.txt --verbose=1
/usr/bin/c++   -Wall     -rdynamic CMakeFiles/cmTC_34685.dir/kwsysPlatformTestsCXX.cxx.o  -o cmTC_34685 
make[1]: Leaving directory '/work/hw-aogara/hw3/hw3_heap_checker/testing_utils/kwsys/CMakeFiles/CMakeTmp'



Checking whether C compiler has ptrdiff_t in stddef.h compiled with the following output:
Change Dir: /work/hw-aogara/hw3/hw3_heap_checker/testing_utils/kwsys/CMakeFiles/CMakeTmp

Run Build Command(s):/usr/bin/make cmTC_3bff8/fast && /usr/bin/make -f CMakeFiles/cmTC_3bff8.dir/build.make CMakeFiles/cmTC_3bff8.dir/build
make[1]: Entering directory '/work/hw-aogara/hw3/hw3_heap_checker/testing_utils/kwsys/CMakeFiles/CMakeTmp'
Building C object CMakeFiles/cmTC_3bff8.dir/kwsysPlatformTestsC.c.o
/usr/bin/cc -DTEST_KWSYS_C_HAS_PTRDIFF_T   -o CMakeFiles/cmTC_3bff8.dir/kwsysPlatformTestsC.c.o   -c /work/hw-aogara/hw3/hw3_heap_checker/testing_utils/kwsys/kwsysPlatformTestsC.c
Linking C executable cmTC_3bff8
/usr/bin/cmake -E cmake_link_script CMakeFiles/cmTC_3bff8.dir/link.txt --verbose=1
/usr/bin/cc      -rdynamic CMakeFiles/cmTC_3bff8.dir/kwsysPlatformTestsC.c.o  -o cmTC_3bff8 
make[1]: Leaving directory '/work/hw-aogara/hw3/hw3_heap_checker/testing_utils/kwsys/CMakeFiles/CMakeTmp'



Checking whether C compiler has ssize_t in unistd.h compiled with the following output:
Change Dir: /work/hw-aogara/hw3/hw3_heap_checker/testing_utils/kwsys/CMakeFiles/CMakeTmp

Run Build Command(s):/usr/bin/make cmTC_53e03/fast && /usr/bin/make -f CMakeFiles/cmTC_53e03.dir/build.make CMakeFiles/cmTC_53e03.dir/build
make[1]: Entering directory '/work/hw-aogara/hw3/hw3_heap_checker/testing_utils/kwsys/CMakeFiles/CMakeTmp'
Building C object CMakeFiles/cmTC_53e03.dir/kwsysPlatformTestsC.c.o
/usr/bin/cc -DTEST_KWSYS_C_HAS_SSIZE_T   -o CMakeFiles/cmTC_53e03.dir/kwsysPlatformTestsC.c.o   -c /work/hw-aogara/hw3/hw3_heap_checker/testing_utils/kwsys/kwsysPlatformTestsC.c
Linking C executable cmTC_53e03
/usr/bin/cmake -E cmake_link_script CMakeFiles/cmTC_53e03.dir/link.txt --verbose=1
/usr/bin/cc      -rdynamic CMakeFiles/cmTC_53e03.dir/kwsysPlatformTestsC.c.o  -o cmTC_53e03 
make[1]: Leaving directory '/work/hw-aogara/hw3/hw3_heap_checker/testing_utils/kwsys/CMakeFiles/CMakeTmp'



Checking whether C compiler has clock_gettime compiled with the following output:
Change Dir: /work/hw-aogara/hw3/hw3_heap_checker/testing_utils/kwsys/CMakeFiles/CMakeTmp

Run Build Command(s):/usr/bin/make cmTC_01ca2/fast && /usr/bin/make -f CMakeFiles/cmTC_01ca2.dir/build.make CMakeFiles/cmTC_01ca2.dir/build
make[1]: Entering directory '/work/hw-aogara/hw3/hw3_heap_checker/testing_utils/kwsys/CMakeFiles/CMakeTmp'
Building C object CMakeFiles/cmTC_01ca2.dir/kwsysPlatformTestsC.c.o
/usr/bin/cc -DTEST_KWSYS_C_HAS_CLOCK_GETTIME_MONOTONIC   -o CMakeFiles/cmTC_01ca2.dir/kwsysPlatformTestsC.c.o   -c /work/hw-aogara/hw3/hw3_heap_checker/testing_utils/kwsys/kwsysPlatformTestsC.c
Linking C executable cmTC_01ca2
/usr/bin/cmake -E cmake_link_script CMakeFiles/cmTC_01ca2.dir/link.txt --verbose=1
/usr/bin/cc      -rdynamic CMakeFiles/cmTC_01ca2.dir/kwsysPlatformTestsC.c.o  -o cmTC_01ca2 
make[1]: Leaving directory '/work/hw-aogara/hw3/hw3_heap_checker/testing_utils/kwsys/CMakeFiles/CMakeTmp'



Checking whether CXX compiler has setenv compiled with the following output:
Change Dir: /work/hw-aogara/hw3/hw3_heap_checker/testing_utils/kwsys/CMakeFiles/CMakeTmp

Run Build Command(s):/usr/bin/make cmTC_587c0/fast && /usr/bin/make -f CMakeFiles/cmTC_587c0.dir/build.make CMakeFiles/cmTC_587c0.dir/build
make[1]: Entering directory '/work/hw-aogara/hw3/hw3_heap_checker/testing_utils/kwsys/CMakeFiles/CMakeTmp'
Building CXX object CMakeFiles/cmTC_587c0.dir/kwsysPlatformTestsCXX.cxx.o
/usr/bin/c++  -DTEST_KWSYS_CXX_HAS_SETENV  -Wall    -o CMakeFiles/cmTC_587c0.dir/kwsysPlatformTestsCXX.cxx.o -c /work/hw-aogara/hw3/hw3_heap_checker/testing_utils/kwsys/kwsysPlatformTestsCXX.cxx
Linking CXX executable cmTC_587c0
/usr/bin/cmake -E cmake_link_script CMakeFiles/cmTC_587c0.dir/link.txt --verbose=1
/usr/bin/c++   -Wall     -rdynamic CMakeFiles/cmTC_587c0.dir/kwsysPlatformTestsCXX.cxx.o  -o cmTC_587c0 
make[1]: Leaving directory '/work/hw-aogara/hw3/hw3_heap_checker/testing_utils/kwsys/CMakeFiles/CMakeTmp'



Checking whether CXX compiler has unsetenv compiled with the following output:
Change Dir: /work/hw-aogara/hw3/hw3_heap_checker/testing_utils/kwsys/CMakeFiles/CMakeTmp

Run Build Command(s):/usr/bin/make cmTC_ddc56/fast && /usr/bin/make -f CMakeFiles/cmTC_ddc56.dir/build.make CMakeFiles/cmTC_ddc56.dir/build
make[1]: Entering directory '/work/hw-aogara/hw3/hw3_heap_checker/testing_utils/kwsys/CMakeFiles/CMakeTmp'
Building CXX object CMakeFiles/cmTC_ddc56.dir/kwsysPlatformTestsCXX.cxx.o
/usr/bin/c++  -DTEST_KWSYS_CXX_HAS_UNSETENV  -Wall    -o CMakeFiles/cmTC_ddc56.dir/kwsysPlatformTestsCXX.cxx.o -c /work/hw-aogara/hw3/hw3_heap_checker/testing_utils/kwsys/kwsysPlatformTestsCXX.cxx
Linking CXX executable cmTC_ddc56
/usr/bin/cmake -E cmake_link_script CMakeFiles/cmTC_ddc56.dir/link.txt --verbose=1
/usr/bin/c++   -Wall     -rdynamic CMakeFiles/cmTC_ddc56.dir/kwsysPlatformTestsCXX.cxx.o  -o cmTC_ddc56 
make[1]: Leaving directory '/work/hw-aogara/hw3/hw3_heap_checker/testing_utils/kwsys/CMakeFiles/CMakeTmp'



Checking whether CXX compiler has utimes compiled with the following output:
Change Dir: /work/hw-aogara/hw3/hw3_heap_checker/testing_utils/kwsys/CMakeFiles/CMakeTmp

Run Build Command(s):/usr/bin/make cmTC_31f0e/fast && /usr/bin/make -f CMakeFiles/cmTC_31f0e.dir/build.make CMakeFiles/cmTC_31f0e.dir/build
make[1]: Entering directory '/work/hw-aogara/hw3/hw3_heap_checker/testing_utils/kwsys/CMakeFiles/CMakeTmp'
Building CXX object CMakeFiles/cmTC_31f0e.dir/kwsysPlatformTestsCXX.cxx.o
/usr/bin/c++  -DTEST_KWSYS_CXX_HAS_UTIMES  -Wall    -o CMakeFiles/cmTC_31f0e.dir/kwsysPlatformTestsCXX.cxx.o -c /work/hw-aogara/hw3/hw3_heap_checker/testing_utils/kwsys/kwsysPlatformTestsCXX.cxx
Linking CXX executable cmTC_31f0e
/usr/bin/cmake -E cmake_link_script CMakeFiles/cmTC_31f0e.dir/link.txt --verbose=1
/usr/bin/c++   -Wall     -rdynamic CMakeFiles/cmTC_31f0e.dir/kwsysPlatformTestsCXX.cxx.o  -o cmTC_31f0e 
make[1]: Leaving directory '/work/hw-aogara/hw3/hw3_heap_checker/testing_utils/kwsys/CMakeFiles/CMakeTmp'



Checking whether CXX compiler has utimensat compiled with the following output:
Change Dir: /work/hw-aogara/hw3/hw3_heap_checker/testing_utils/kwsys/CMakeFiles/CMakeTmp

Run Build Command(s):/usr/bin/make cmTC_1778a/fast && /usr/bin/make -f CMakeFiles/cmTC_1778a.dir/build.make CMakeFiles/cmTC_1778a.dir/build
make[1]: Entering directory '/work/hw-aogara/hw3/hw3_heap_checker/testing_utils/kwsys/CMakeFiles/CMakeTmp'
Building CXX object CMakeFiles/cmTC_1778a.dir/kwsysPlatformTestsCXX.cxx.o
/usr/bin/c++  -DTEST_KWSYS_CXX_HAS_UTIMENSAT  -Wall    -o CMakeFiles/cmTC_1778a.dir/kwsysPlatformTestsCXX.cxx.o -c /work/hw-aogara/hw3/hw3_heap_checker/testing_utils/kwsys/kwsysPlatformTestsCXX.cxx
Linking CXX executable cmTC_1778a
/usr/bin/cmake -E cmake_link_script CMakeFiles/cmTC_1778a.dir/link.txt --verbose=1
/usr/bin/c++   -Wall     -rdynamic CMakeFiles/cmTC_1778a.dir/kwsysPlatformTestsCXX.cxx.o  -o cmTC_1778a 
make[1]: Leaving directory '/work/hw-aogara/hw3/hw3_heap_checker/testing_utils/kwsys/CMakeFiles/CMakeTmp'



Checking whether CXX compiler struct stat has st_mtim member compiled with the following output:
Change Dir: /work/hw-aogara/hw3/hw3_heap_checker/testing_utils/kwsys/CMakeFiles/CMakeTmp

Run Build Command(s):/usr/bin/make cmTC_cc920/fast && /usr/bin/make -f CMakeFiles/cmTC_cc920.dir/build.make CMakeFiles/cmTC_cc920.dir/build
make[1]: Entering directory '/work/hw-aogara/hw3/hw3_heap_checker/testing_utils/kwsys/CMakeFiles/CMakeTmp'
Building CXX object CMakeFiles/cmTC_cc920.dir/kwsysPlatformTestsCXX.cxx.o
/usr/bin/c++  -DTEST_KWSYS_CXX_STAT_HAS_ST_MTIM  -Wall    -o CMakeFiles/cmTC_cc920.dir/kwsysPlatformTestsCXX.cxx.o -c /work/hw-aogara/hw3/hw3_heap_checker/testing_utils/kwsys/kwsysPlatformTestsCXX.cxx
Linking CXX executable cmTC_cc920
/usr/bin/cmake -E cmake_link_script CMakeFiles/cmTC_cc920.dir/link.txt --verbose=1
/usr/bin/c++   -Wall     -rdynamic CMakeFiles/cmTC_cc920.dir/kwsysPlatformTestsCXX.cxx.o  -o cmTC_cc920 
make[1]: Leaving directory '/work/hw-aogara/hw3/hw3_heap_checker/testing_utils/kwsys/CMakeFiles/CMakeTmp'



Checking whether <ext/stdio_filebuf.h> is available compiled with the following output:
Change Dir: /work/hw-aogara/hw3/hw3_heap_checker/testing_utils/kwsys/CMakeFiles/CMakeTmp

Run Build Command(s):/usr/bin/make cmTC_ab3ee/fast && /usr/bin/make -f CMakeFiles/cmTC_ab3ee.dir/build.make CMakeFiles/cmTC_ab3ee.dir/build
make[1]: Entering directory '/work/hw-aogara/hw3/hw3_heap_checker/testing_utils/kwsys/CMakeFiles/CMakeTmp'
Building CXX object CMakeFiles/cmTC_ab3ee.dir/kwsysPlatformTestsCXX.cxx.o
/usr/bin/c++  -DTEST_KWSYS_CXX_HAS_EXT_STDIO_FILEBUF_H  -Wall    -o CMakeFiles/cmTC_ab3ee.dir/kwsysPlatformTestsCXX.cxx.o -c /work/hw-aogara/hw3/hw3_heap_checker/testing_utils/kwsys/kwsysPlatformTestsCXX.cxx
Linking CXX executable cmTC_ab3ee
/usr/bin/cmake -E cmake_link_script CMakeFiles/cmTC_ab3ee.dir/link.txt --verbose=1
/usr/bin/c++   -Wall     -rdynamic CMakeFiles/cmTC_ab3ee.dir/kwsysPlatformTestsCXX.cxx.o  -o cmTC_ab3ee 
make[1]: Leaving directory '/work/hw-aogara/hw3/hw3_heap_checker/testing_utils/kwsys/CMakeFiles/CMakeTmp'



